19:48:45 [INFO    ] banco_dados — Banco de dados inicializado em 'parking.db'
19:48:45 [WARNING ] main — Modo DEMO ativado — sem Arduino físico
19:48:45 [INFO    ] main — ============================================================
19:48:45 [INFO    ] main — Smart Parking — ATITUS Educação
19:48:45 [INFO    ] main — ============================================================
19:48:45 [INFO    ] main — Thread histórico iniciada (60s)
19:48:45 [INFO    ] main — Watchdog iniciado (5s)
19:48:45 [INFO    ] main — Thread demo iniciada
19:48:45 [INFO    ] main — Dashboard: http://0.0.0.0:5000
19:48:45 [INFO    ] main — API:       http://0.0.0.0:5000/api/status
19:48:46 [INFO    ] werkzeug — [31m[1mWARNING: This is a development server. Do not use it in a production deployment. Use a production WSGI server instead.[0m
 * Running on all addresses (0.0.0.0)
 * Running on http://127.0.0.1:5000
 * Running on http://10.1.195.141:5000
19:48:46 [INFO    ] werkzeug — [33mPress CTRL+C to quit[0m
19:48:47 [INFO    ] main — Evento [entrada]: Carro detectado na entrada [DEMO]
19:48:48 [INFO    ] main — Evento [ocupada]: Vaga 4 ocupada [DEMO]
19:48:50 [WARNING ] motor_regras — Alerta ativado [arduino_desconectado]: Arduino não envia dados há mais de 10 segundos
19:48:50 [INFO    ] main — Evento [entrada]: Carro detectado na entrada [DEMO]
19:48:50 [INFO    ] main — Evento [ocupada]: Vaga 2 ocupada [DEMO]
19:48:53 [INFO    ] main — Evento [saida]: Carro saiu [DEMO]
19:48:53 [INFO    ] main — Evento [liberada]: Vaga 2 liberada [DEMO]
19:48:55 [INFO    ] main — Evento [saida]: Carro saiu [DEMO]
19:48:55 [INFO    ] main — Evento [liberada]: Vaga 4 liberada [DEMO]
19:48:58 [INFO    ] main — Evento [entrada]: Carro detectado na entrada [DEMO]
19:48:58 [INFO    ] main — Evento [ocupada]: Vaga 4 ocupada [DEMO]
19:49:01 [INFO    ] main — Evento [entrada]: Carro detectado na entrada [DEMO]
19:49:01 [INFO    ] main — Evento [ocupada]: Vaga 3 ocupada [DEMO]
19:49:03 [INFO    ] main — Evento [entrada]: Carro detectado na entrada [DEMO]
19:49:03 [INFO    ] main — Evento [ocupada]: Vaga 1 ocupada [DEMO]
19:49:03 [WARNING ] motor_regras — Alerta ativado [ultima_vaga]: Atenção: apenas 1 vaga disponível
19:49:06 [INFO    ] main — Evento [saida]: Carro saiu [DEMO]
19:49:06 [INFO    ] main — Evento [liberada]: Vaga 4 liberada [DEMO]
19:49:06 [INFO    ] motor_regras — Alerta resolvido [ultima_vaga] id=f870220f
19:49:08 [INFO    ] main — Evento [saida]: Carro saiu [DEMO]
19:49:09 [INFO    ] main — Evento [liberada]: Vaga 3 liberada [DEMO]
19:49:11 [INFO    ] main — Evento [entrada]: Carro detectado na entrada [DEMO]
19:49:11 [INFO    ] main — Evento [ocupada]: Vaga 3 ocupada [DEMO]
19:49:14 [INFO    ] flask_app — WS conectado. Total: 1
19:49:14 [INFO    ] werkzeug — 127.0.0.1 - - [16/Jun/2026 19:49:14] "GET /api/status HTTP/1.1" 200 -
19:49:14 [INFO    ] main — Evento [saida]: Carro saiu [DEMO]
19:49:14 [INFO    ] werkzeug — 127.0.0.1 - - [16/Jun/2026 19:49:14] "GET /api/status HTTP/1.1" 200 -
19:49:14 [INFO    ] main — Evento [liberada]: Vaga 1 liberada [DEMO]
19:49:16 [INFO    ] main — Evento [entrada]: Carro detectado na entrada [DEMO]
19:49:16 [INFO    ] main — Evento [ocupada]: Vaga 2 ocupada [DEMO]
19:49:17 [INFO    ] flask_app — WS conectado. Total: 2
19:49:19 [INFO    ] main — Evento [saida]: Carro saiu [DEMO]
19:49:19 [INFO    ] main — Evento [liberada]: Vaga 2 liberada [DEMO]
19:49:22 [INFO    ] main — Evento [saida]: Carro saiu [DEMO]
19:49:22 [INFO    ] main — Evento [liberada]: Vaga 3 liberada [DEMO]
19:49:24 [INFO    ] main — Evento [entrada]: Carro detectado na entrada [DEMO]
19:49:24 [INFO    ] main — Evento [ocupada]: Vaga 1 ocupada [DEMO]
19:49:27 [INFO    ] main — Evento [saida]: Carro saiu [DEMO]
19:49:27 [INFO    ] main — Evento [liberada]: Vaga 1 liberada [DEMO]
19:49:30 [INFO    ] main — Evento [entrada]: Carro detectado na entrada [DEMO]
19:49:30 [INFO    ] main — Evento [ocupada]: Vaga 4 ocupada [DEMO]
19:49:32 [INFO    ] main — Evento [entrada]: Carro detectado na entrada [DEMO]
19:49:32 [INFO    ] main — Evento [ocupada]: Vaga 3 ocupada [DEMO]
19:49:35 [INFO    ] main — Evento [entrada]: Carro detectado na entrada [DEMO]
19:49:35 [INFO    ] main — Evento [ocupada]: Vaga 2 ocupada [DEMO]
19:49:35 [WARNING ] motor_regras — Alerta ativado [ultima_vaga]: Atenção: apenas 1 vaga disponível
19:49:37 [INFO    ] main — Evento [saida]: Carro saiu [DEMO]
19:49:38 [INFO    ] main — Evento [liberada]: Vaga 2 liberada [DEMO]
19:49:38 [INFO    ] motor_regras — Alerta resolvido [ultima_vaga] id=e4d05f82
19:49:40 [INFO    ] main — Evento [saida]: Carro saiu [DEMO]
19:49:40 [INFO    ] main — Evento [liberada]: Vaga 4 liberada [DEMO]
19:49:43 [INFO    ] main — Evento [entrada]: Carro detectado na entrada [DEMO]
19:49:43 [INFO    ] main — Evento [ocupada]: Vaga 2 ocupada [DEMO]
19:49:44 [INFO    ] werkzeug — 127.0.0.1 - - [16/Jun/2026 19:49:44] "GET /ws HTTP/1.1" 200 -
19:49:45 [INFO    ] main — Evento [entrada]: Carro detectado na entrada [DEMO]
19:49:45 [INFO    ] main — Evento [ocupada]: Vaga 4 ocupada [DEMO]
19:49:45 [WARNING ] motor_regras — Alerta ativado [ultima_vaga]: Atenção: apenas 1 vaga disponível
19:49:47 [INFO    ] werkzeug — 127.0.0.1 - - [16/Jun/2026 19:49:47] "GET /ws HTTP/1.1" 200 -
19:49:48 [INFO    ] flask_app — WS conectado. Total: 1
19:49:48 [INFO    ] main — Evento [saida]: Carro saiu [DEMO]
19:49:48 [INFO    ] main — Evento [liberada]: Vaga 4 liberada [DEMO]
19:49:48 [INFO    ] motor_regras — Alerta resolvido [ultima_vaga] id=a8095aed
19:49:51 [INFO    ] main — Evento [saida]: Carro saiu [DEMO]
19:49:51 [INFO    ] main — Evento [liberada]: Vaga 3 liberada [DEMO]
19:49:53 [INFO    ] main — Evento [entrada]: Carro detectado na entrada [DEMO]
19:49:53 [INFO    ] main — Evento [ocupada]: Vaga 4 ocupada [DEMO]
19:49:56 [INFO    ] main — Evento [saida]: Carro saiu [DEMO]
19:49:56 [INFO    ] main — Evento [liberada]: Vaga 4 liberada [DEMO]
19:49:59 [INFO    ] main — Evento [entrada]: Carro detectado na entrada [DEMO]
19:49:59 [INFO    ] main — Evento [ocupada]: Vaga 1 ocupada [DEMO]
19:50:01 [INFO    ] main — Evento [saida]: Carro saiu [DEMO]
19:50:01 [INFO    ] main — Evento [liberada]: Vaga 1 liberada [DEMO]
19:50:04 [INFO    ] main — Evento [entrada]: Carro detectado na entrada [DEMO]
19:50:04 [INFO    ] main — Evento [ocupada]: Vaga 4 ocupada [DEMO]
19:50:06 [INFO    ] main — Evento [saida]: Carro saiu [DEMO]
19:50:07 [INFO    ] main — Evento [liberada]: Vaga 2 liberada [DEMO]
19:50:09 [INFO    ] main — Evento [entrada]: Carro detectado na entrada [DEMO]
19:50:09 [INFO    ] main — Evento [ocupada]: Vaga 2 ocupada [DEMO]
19:50:12 [INFO    ] main — Evento [entrada]: Carro detectado na entrada [DEMO]
19:50:12 [INFO    ] main — Evento [ocupada]: Vaga 1 ocupada [DEMO]
19:50:12 [WARNING ] motor_regras — Alerta ativado [ultima_vaga]: Atenção: apenas 1 vaga disponível
19:50:14 [INFO    ] main — Evento [saida]: Carro saiu [DEMO]
19:50:14 [INFO    ] main — Evento [liberada]: Vaga 2 liberada [DEMO]
19:50:14 [INFO    ] motor_regras — Alerta resolvido [ultima_vaga] id=c41cb01f
19:50:17 [INFO    ] main — Evento [entrada]: Carro detectado na entrada [DEMO]
19:50:17 [INFO    ] main — Evento [ocupada]: Vaga 2 ocupada [DEMO]
19:50:17 [WARNING ] motor_regras — Alerta ativado [ultima_vaga]: Atenção: apenas 1 vaga disponível
19:50:18 [INFO    ] werkzeug — 127.0.0.1 - - [16/Jun/2026 19:50:18] "GET /ws HTTP/1.1" 200 -
19:50:20 [INFO    ] main — Evento [saida]: Carro saiu [DEMO]
19:50:20 [INFO    ] main — Evento [liberada]: Vaga 2 liberada [DEMO]
19:50:20 [INFO    ] motor_regras — Alerta resolvido [ultima_vaga] id=84080b7f
19:50:22 [INFO    ] flask_app — WS conectado. Total: 1
19:50:22 [INFO    ] main — Evento [entrada]: Carro detectado na entrada [DEMO]
19:50:22 [INFO    ] main — Evento [ocupada]: Vaga 3 ocupada [DEMO]
19:50:22 [WARNING ] motor_regras — Alerta ativado [ultima_vaga]: Atenção: apenas 1 vaga disponível
19:50:25 [INFO    ] main — Evento [saida]: Carro saiu [DEMO]
19:50:25 [INFO    ] main — Evento [liberada]: Vaga 3 liberada [DEMO]
19:50:25 [INFO    ] motor_regras — Alerta resolvido [ultima_vaga] id=aa3f8d65
19:50:28 [INFO    ] main — Evento [saida]: Carro saiu [DEMO]
19:50:28 [INFO    ] main — Evento [liberada]: Vaga 4 liberada [DEMO]
19:50:30 [INFO    ] main — Evento [entrada]: Carro detectado na entrada [DEMO]
19:50:30 [INFO    ] main — Evento [ocupada]: Vaga 3 ocupada [DEMO]
19:50:33 [INFO    ] main — Evento [entrada]: Carro detectado na entrada [DEMO]
19:50:33 [INFO    ] main — Evento [ocupada]: Vaga 4 ocupada [DEMO]
19:50:33 [WARNING ] motor_regras — Alerta ativado [ultima_vaga]: Atenção: apenas 1 vaga disponível
19:50:33 [WARNING ] motor_regras — Alerta ativado [alto_fluxo]: Alto fluxo: 21 entradas nos últimos 10 minutos
19:50:35 [INFO    ] main — Evento [entrada]: Carro detectado na entrada [DEMO]
19:50:36 [INFO    ] main — Evento [ocupada]: Vaga 2 ocupada [DEMO]
19:50:36 [WARNING ] motor_regras — Alerta ativado [lotado]: Estacionamento lotado — nenhuma vaga disponível
19:50:36 [INFO    ] motor_regras — Alerta resolvido [ultima_vaga] id=fe9064b2
19:50:38 [INFO    ] main — Evento [saida]: Carro saiu [DEMO]
19:50:38 [INFO    ] main — Evento [liberada]: Vaga 3 liberada [DEMO]
19:50:38 [INFO    ] motor_regras — Alerta resolvido [lotado] id=4fd13093
19:50:38 [WARNING ] motor_regras — Alerta ativado [ultima_vaga]: Atenção: apenas 1 vaga disponível
19:50:41 [INFO    ] main — Evento [entrada]: Carro detectado na entrada [DEMO]
19:50:41 [INFO    ] main — Evento [ocupada]: Vaga 3 ocupada [DEMO]
19:50:41 [WARNING ] motor_regras — Alerta ativado [lotado]: Estacionamento lotado — nenhuma vaga disponível
19:50:41 [INFO    ] motor_regras — Alerta resolvido [ultima_vaga] id=f403531c
19:50:43 [INFO    ] main — Evento [saida]: Carro saiu [DEMO]
19:50:43 [INFO    ] main — Evento [liberada]: Vaga 3 liberada [DEMO]
19:50:43 [INFO    ] motor_regras — Alerta resolvido [lotado] id=695fc66c
19:50:43 [WARNING ] motor_regras — Alerta ativado [ultima_vaga]: Atenção: apenas 1 vaga disponível
19:50:46 [INFO    ] main — Evento [saida]: Carro saiu [DEMO]
19:50:46 [INFO    ] main — Evento [liberada]: Vaga 1 liberada [DEMO]
19:50:46 [INFO    ] motor_regras — Alerta resolvido [ultima_vaga] id=12c8fa79
19:50:49 [INFO    ] main — Evento [entrada]: Carro detectado na entrada [DEMO]
19:50:49 [INFO    ] main — Evento [ocupada]: Vaga 1 ocupada [DEMO]
19:50:49 [WARNING ] motor_regras — Alerta ativado [ultima_vaga]: Atenção: apenas 1 vaga disponível
19:50:51 [INFO    ] main — Evento [entrada]: Carro detectado na entrada [DEMO]
19:50:51 [INFO    ] main — Evento [ocupada]: Vaga 3 ocupada [DEMO]
19:50:51 [WARNING ] motor_regras — Alerta ativado [lotado]: Estacionamento lotado — nenhuma vaga disponível
19:50:51 [INFO    ] motor_regras — Alerta resolvido [ultima_vaga] id=efd18f34
19:50:52 [INFO    ] werkzeug — 127.0.0.1 - - [16/Jun/2026 19:50:52] "GET /ws HTTP/1.1" 200 -
19:50:54 [INFO    ] main — Evento [saida]: Carro saiu [DEMO]
19:50:54 [INFO    ] main — Evento [liberada]: Vaga 1 liberada [DEMO]
19:50:54 [INFO    ] motor_regras — Alerta resolvido [lotado] id=3cc3871e
19:50:54 [WARNING ] motor_regras — Alerta ativado [ultima_vaga]: Atenção: apenas 1 vaga disponível
19:50:56 [INFO    ] flask_app — WS conectado. Total: 1
19:50:57 [INFO    ] main — Evento [saida]: Carro saiu [DEMO]
19:50:57 [INFO    ] main — Evento [liberada]: Vaga 3 liberada [DEMO]
19:50:57 [INFO    ] motor_regras — Alerta resolvido [ultima_vaga] id=24dd9c73
19:50:59 [INFO    ] main — Evento [saida]: Carro saiu [DEMO]
19:50:59 [INFO    ] main — Evento [liberada]: Vaga 4 liberada [DEMO]
19:51:02 [INFO    ] main — Evento [entrada]: Carro detectado na entrada [DEMO]
19:51:02 [INFO    ] main — Evento [ocupada]: Vaga 1 ocupada [DEMO]
19:51:04 [INFO    ] main — Evento [entrada]: Carro detectado na entrada [DEMO]
19:51:05 [INFO    ] main — Evento [ocupada]: Vaga 3 ocupada [DEMO]
19:51:05 [WARNING ] motor_regras — Alerta ativado [ultima_vaga]: Atenção: apenas 1 vaga disponível
19:51:07 [INFO    ] main — Evento [saida]: Carro saiu [DEMO]
19:51:07 [INFO    ] main — Evento [liberada]: Vaga 3 liberada [DEMO]
19:51:07 [INFO    ] motor_regras — Alerta resolvido [ultima_vaga] id=bfa2ff47
19:51:10 [INFO    ] main — Evento [saida]: Carro saiu [DEMO]
19:51:10 [INFO    ] main — Evento [liberada]: Vaga 1 liberada [DEMO]
19:51:12 [INFO    ] main — Evento [entrada]: Carro detectado na entrada [DEMO]
19:51:12 [INFO    ] main — Evento [ocupada]: Vaga 1 ocupada [DEMO]
19:51:15 [INFO    ] main — Evento [entrada]: Carro detectado na entrada [DEMO]
19:51:15 [INFO    ] main — Evento [ocupada]: Vaga 3 ocupada [DEMO]
19:51:15 [WARNING ] motor_regras — Alerta ativado [ultima_vaga]: Atenção: apenas 1 vaga disponível
19:51:18 [INFO    ] main — Evento [entrada]: Carro detectado na entrada [DEMO]
19:51:18 [INFO    ] main — Evento [ocupada]: Vaga 4 ocupada [DEMO]
19:51:18 [WARNING ] motor_regras — Alerta ativado [lotado]: Estacionamento lotado — nenhuma vaga disponível
19:51:18 [INFO    ] motor_regras — Alerta resolvido [ultima_vaga] id=9415f24f
19:51:20 [INFO    ] main — Evento [saida]: Carro saiu [DEMO]
19:51:20 [INFO    ] main — Evento [liberada]: Vaga 4 liberada [DEMO]
19:51:20 [INFO    ] motor_regras — Alerta resolvido [lotado] id=744067b5
19:51:20 [WARNING ] motor_regras — Alerta ativado [ultima_vaga]: Atenção: apenas 1 vaga disponível
19:51:23 [INFO    ] main — Evento [saida]: Carro saiu [DEMO]
19:51:23 [INFO    ] main — Evento [liberada]: Vaga 1 liberada [DEMO]
19:51:23 [INFO    ] motor_regras — Alerta resolvido [ultima_vaga] id=32a3cdde
19:51:26 [INFO    ] main — Evento [saida]: Carro saiu [DEMO]
19:51:26 [INFO    ] main — Evento [liberada]: Vaga 2 liberada [DEMO]
19:51:26 [INFO    ] werkzeug — 127.0.0.1 - - [16/Jun/2026 19:51:26] "GET /ws HTTP/1.1" 200 -
19:51:28 [INFO    ] main — Evento [entrada]: Carro detectado na entrada [DEMO]
19:51:28 [INFO    ] main — Evento [ocupada]: Vaga 1 ocupada [DEMO]
19:51:30 [INFO    ] flask_app — WS conectado. Total: 1
19:51:31 [INFO    ] main — Evento [saida]: Carro saiu [DEMO]
19:51:31 [INFO    ] main — Evento [liberada]: Vaga 1 liberada [DEMO]
19:51:33 [INFO    ] main — Evento [entrada]: Carro detectado na entrada [DEMO]
19:51:33 [INFO    ] main — Evento [ocupada]: Vaga 1 ocupada [DEMO]
19:51:36 [INFO    ] main — Evento [saida]: Carro saiu [DEMO]
19:51:36 [INFO    ] main — Evento [liberada]: Vaga 1 liberada [DEMO]
19:51:39 [INFO    ] main — Evento [saida]: Carro saiu [DEMO]
19:51:39 [INFO    ] main — Evento [liberada]: Vaga 3 liberada [DEMO]
19:51:41 [INFO    ] main — Evento [entrada]: Carro detectado na entrada [DEMO]
19:51:41 [INFO    ] main — Evento [ocupada]: Vaga 3 ocupada [DEMO]
19:51:44 [INFO    ] main — Evento [entrada]: Carro detectado na entrada [DEMO]
19:51:44 [INFO    ] main — Evento [ocupada]: Vaga 1 ocupada [DEMO]
19:51:47 [INFO    ] main — Evento [entrada]: Carro detectado na entrada [DEMO]
19:51:47 [INFO    ] main — Evento [ocupada]: Vaga 4 ocupada [DEMO]
19:51:47 [WARNING ] motor_regras — Alerta ativado [ultima_vaga]: Atenção: apenas 1 vaga disponível
19:51:49 [INFO    ] main — Evento [saida]: Carro saiu [DEMO]
19:51:49 [INFO    ] main — Evento [liberada]: Vaga 1 liberada [DEMO]
19:51:49 [INFO    ] motor_regras — Alerta resolvido [ultima_vaga] id=2f80d6aa
19:51:52 [INFO    ] main — Evento [entrada]: Carro detectado na entrada [DEMO]
19:51:52 [INFO    ] main — Evento [ocupada]: Vaga 1 ocupada [DEMO]
19:51:52 [WARNING ] motor_regras — Alerta ativado [ultima_vaga]: Atenção: apenas 1 vaga disponível
19:51:54 [INFO    ] main — Evento [entrada]: Carro detectado na entrada [DEMO]
19:51:55 [INFO    ] main — Evento [ocupada]: Vaga 2 ocupada [DEMO]
19:51:55 [WARNING ] motor_regras — Alerta ativado [lotado]: Estacionamento lotado — nenhuma vaga disponível
19:51:55 [INFO    ] motor_regras — Alerta resolvido [ultima_vaga] id=b46c4a3e
19:51:57 [INFO    ] main — Evento [saida]: Carro saiu [DEMO]
19:51:57 [INFO    ] main — Evento [liberada]: Vaga 3 liberada [DEMO]
19:51:57 [INFO    ] motor_regras — Alerta resolvido [lotado] id=4810142c
19:51:57 [WARNING ] motor_regras — Alerta ativado [ultima_vaga]: Atenção: apenas 1 vaga disponível
19:52:00 [INFO    ] main — Evento [saida]: Carro saiu [DEMO]
19:52:00 [INFO    ] main — Evento [liberada]: Vaga 4 liberada [DEMO]
19:52:00 [INFO    ] motor_regras — Alerta resolvido [ultima_vaga] id=df801c78
19:52:00 [INFO    ] werkzeug — 127.0.0.1 - - [16/Jun/2026 19:52:00] "GET /ws HTTP/1.1" 200 -
19:52:02 [INFO    ] main — Evento [entrada]: Carro detectado na entrada [DEMO]
19:52:02 [INFO    ] main — Evento [ocupada]: Vaga 3 ocupada [DEMO]
19:52:02 [WARNING ] motor_regras — Alerta ativado [ultima_vaga]: Atenção: apenas 1 vaga disponível
19:52:04 [INFO    ] flask_app — WS conectado. Total: 1
19:52:05 [INFO    ] main — Evento [entrada]: Carro detectado na entrada [DEMO]
19:52:05 [INFO    ] main — Evento [ocupada]: Vaga 4 ocupada [DEMO]
19:52:05 [WARNING ] motor_regras — Alerta ativado [lotado]: Estacionamento lotado — nenhuma vaga disponível
19:52:05 [INFO    ] motor_regras — Alerta resolvido [ultima_vaga] id=50bddc15
19:52:08 [INFO    ] main — Evento [saida]: Carro saiu [DEMO]
19:52:08 [INFO    ] main — Evento [liberada]: Vaga 2 liberada [DEMO]
19:52:08 [INFO    ] motor_regras — Alerta resolvido [lotado] id=006457b9
19:52:08 [WARNING ] motor_regras — Alerta ativado [ultima_vaga]: Atenção: apenas 1 vaga disponível
19:52:10 [INFO    ] main — Evento [saida]: Carro saiu [DEMO]
19:52:10 [INFO    ] main — Evento [liberada]: Vaga 3 liberada [DEMO]
19:52:10 [INFO    ] motor_regras — Alerta resolvido [ultima_vaga] id=ee89d15a
19:52:13 [INFO    ] main — Evento [saida]: Carro saiu [DEMO]
19:52:13 [INFO    ] main — Evento [liberada]: Vaga 1 liberada [DEMO]
19:52:16 [INFO    ] main — Evento [saida]: Carro saiu [DEMO]
19:52:16 [INFO    ] main — Evento [liberada]: Vaga 4 liberada [DEMO]
19:52:18 [INFO    ] main — Evento [entrada]: Carro detectado na entrada [DEMO]
19:52:18 [INFO    ] main — Evento [ocupada]: Vaga 4 ocupada [DEMO]
19:52:21 [INFO    ] main — Evento [entrada]: Carro detectado na entrada [DEMO]
19:52:21 [INFO    ] main — Evento [ocupada]: Vaga 2 ocupada [DEMO]
19:52:23 [INFO    ] main — Evento [saida]: Carro saiu [DEMO]
19:52:24 [INFO    ] main — Evento [liberada]: Vaga 4 liberada [DEMO]
19:52:26 [INFO    ] main — Evento [saida]: Carro saiu [DEMO]
19:52:26 [INFO    ] main — Evento [liberada]: Vaga 2 liberada [DEMO]
19:52:29 [INFO    ] main — Evento [entrada]: Carro detectado na entrada [DEMO]
19:52:29 [INFO    ] main — Evento [ocupada]: Vaga 2 ocupada [DEMO]
19:52:31 [INFO    ] main — Evento [entrada]: Carro detectado na entrada [DEMO]
19:52:31 [INFO    ] main — Evento [ocupada]: Vaga 1 ocupada [DEMO]
19:52:34 [INFO    ] werkzeug — 127.0.0.1 - - [16/Jun/2026 19:52:34] "GET /ws HTTP/1.1" 200 -
19:52:34 [INFO    ] main — Evento [saida]: Carro saiu [DEMO]
19:52:34 [INFO    ] main — Evento [liberada]: Vaga 2 liberada [DEMO]
19:52:37 [INFO    ] main — Evento [entrada]: Carro detectado na entrada [DEMO]
19:52:37 [INFO    ] main — Evento [ocupada]: Vaga 3 ocupada [DEMO]
19:52:38 [INFO    ] flask_app — WS conectado. Total: 1
19:52:39 [INFO    ] main — Evento [saida]: Carro saiu [DEMO]
19:52:39 [INFO    ] main — Evento [liberada]: Vaga 1 liberada [DEMO]
19:52:42 [INFO    ] main — Evento [entrada]: Carro detectado na entrada [DEMO]
19:52:42 [INFO    ] main — Evento [ocupada]: Vaga 2 ocupada [DEMO]
19:52:45 [INFO    ] main — Evento [saida]: Carro saiu [DEMO]
19:52:45 [INFO    ] main — Evento [liberada]: Vaga 2 liberada [DEMO]
19:52:47 [INFO    ] main — Evento [entrada]: Carro detectado na entrada [DEMO]
19:52:47 [INFO    ] main — Evento [ocupada]: Vaga 1 ocupada [DEMO]
19:52:50 [INFO    ] main — Evento [saida]: Carro saiu [DEMO]
19:52:50 [INFO    ] main — Evento [liberada]: Vaga 3 liberada [DEMO]
19:52:52 [INFO    ] main — Evento [saida]: Carro saiu [DEMO]
19:52:53 [INFO    ] main — Evento [liberada]: Vaga 1 liberada [DEMO]
19:52:55 [INFO    ] main — Evento [entrada]: Carro detectado na entrada [DEMO]
19:52:55 [INFO    ] main — Evento [ocupada]: Vaga 4 ocupada [DEMO]
19:52:58 [INFO    ] main — Evento [entrada]: Carro detectado na entrada [DEMO]
19:52:58 [INFO    ] main — Evento [ocupada]: Vaga 3 ocupada [DEMO]
19:53:00 [INFO    ] main — Evento [saida]: Carro saiu [DEMO]
19:53:00 [INFO    ] main — Evento [liberada]: Vaga 3 liberada [DEMO]
19:53:03 [INFO    ] main — Evento [saida]: Carro saiu [DEMO]
19:53:03 [INFO    ] main — Evento [liberada]: Vaga 4 liberada [DEMO]
19:53:06 [INFO    ] main — Evento [entrada]: Carro detectado na entrada [DEMO]
19:53:06 [INFO    ] main — Evento [ocupada]: Vaga 4 ocupada [DEMO]
19:53:08 [INFO    ] werkzeug — 127.0.0.1 - - [16/Jun/2026 19:53:08] "GET /ws HTTP/1.1" 200 -
19:53:08 [INFO    ] main — Evento [entrada]: Carro detectado na entrada [DEMO]
19:53:08 [INFO    ] main — Evento [ocupada]: Vaga 2 ocupada [DEMO]
19:53:11 [INFO    ] main — Evento [entrada]: Carro detectado na entrada [DEMO]
19:53:11 [INFO    ] main — Evento [ocupada]: Vaga 1 ocupada [DEMO]
19:53:11 [WARNING ] motor_regras — Alerta ativado [ultima_vaga]: Atenção: apenas 1 vaga disponível
19:53:12 [INFO    ] flask_app — WS conectado. Total: 1
19:53:13 [INFO    ] main — Evento [entrada]: Carro detectado na entrada [DEMO]
19:53:14 [INFO    ] main — Evento [ocupada]: Vaga 3 ocupada [DEMO]
19:53:14 [WARNING ] motor_regras — Alerta ativado [lotado]: Estacionamento lotado — nenhuma vaga disponível
19:53:14 [INFO    ] motor_regras — Alerta resolvido [ultima_vaga] id=f77dacc1
19:53:16 [INFO    ] main — Evento [saida]: Carro saiu [DEMO]
19:53:16 [INFO    ] main — Evento [liberada]: Vaga 2 liberada [DEMO]
19:53:16 [INFO    ] motor_regras — Alerta resolvido [lotado] id=b1ecc1c3
19:53:16 [WARNING ] motor_regras — Alerta ativado [ultima_vaga]: Atenção: apenas 1 vaga disponível
19:53:19 [INFO    ] main — Evento [saida]: Carro saiu [DEMO]
19:53:19 [INFO    ] main — Evento [liberada]: Vaga 4 liberada [DEMO]
19:53:19 [INFO    ] motor_regras — Alerta resolvido [ultima_vaga] id=66e36b0f
19:53:21 [INFO    ] main — Evento [saida]: Carro saiu [DEMO]
19:53:21 [INFO    ] main — Evento [liberada]: Vaga 1 liberada [DEMO]
19:53:24 [INFO    ] main — Evento [saida]: Carro saiu [DEMO]
19:53:24 [INFO    ] main — Evento [liberada]: Vaga 3 liberada [DEMO]
19:53:27 [INFO    ] main — Evento [entrada]: Carro detectado na entrada [DEMO]
19:53:27 [INFO    ] main — Evento [ocupada]: Vaga 2 ocupada [DEMO]
19:53:29 [INFO    ] main — Evento [entrada]: Carro detectado na entrada [DEMO]
19:53:30 [INFO    ] main — Evento [ocupada]: Vaga 1 ocupada [DEMO]
19:53:32 [INFO    ] main — Evento [saida]: Carro saiu [DEMO]
19:53:32 [INFO    ] main — Evento [liberada]: Vaga 1 liberada [DEMO]
19:53:35 [INFO    ] main — Evento [entrada]: Carro detectado na entrada [DEMO]
19:53:35 [INFO    ] main — Evento [ocupada]: Vaga 3 ocupada [DEMO]
19:53:37 [INFO    ] main — Evento [entrada]: Carro detectado na entrada [DEMO]
19:53:38 [INFO    ] main — Evento [ocupada]: Vaga 4 ocupada [DEMO]
19:53:38 [WARNING ] motor_regras — Alerta ativado [ultima_vaga]: Atenção: apenas 1 vaga disponível
19:53:40 [INFO    ] main — Evento [entrada]: Carro detectado na entrada [DEMO]
19:53:40 [INFO    ] main — Evento [ocupada]: Vaga 1 ocupada [DEMO]
19:53:40 [WARNING ] motor_regras — Alerta ativado [lotado]: Estacionamento lotado — nenhuma vaga disponível
19:53:40 [INFO    ] motor_regras — Alerta resolvido [ultima_vaga] id=8fdf1999
19:53:42 [INFO    ] werkzeug — 127.0.0.1 - - [16/Jun/2026 19:53:42] "GET /ws HTTP/1.1" 200 -
19:53:43 [INFO    ] main — Evento [saida]: Carro saiu [DEMO]
19:53:43 [INFO    ] main — Evento [liberada]: Vaga 3 liberada [DEMO]
19:53:43 [INFO    ] motor_regras — Alerta resolvido [lotado] id=072dd499
19:53:43 [WARNING ] motor_regras — Alerta ativado [ultima_vaga]: Atenção: apenas 1 vaga disponível
19:53:45 [INFO    ] main — Evento [saida]: Carro saiu [DEMO]
19:53:46 [INFO    ] main — Evento [liberada]: Vaga 1 liberada [DEMO]
19:53:46 [INFO    ] motor_regras — Alerta resolvido [ultima_vaga] id=8dd54ab1
19:53:46 [INFO    ] flask_app — WS conectado. Total: 1
19:53:48 [INFO    ] main — Evento [saida]: Carro saiu [DEMO]
19:53:48 [INFO    ] main — Evento [liberada]: Vaga 4 liberada [DEMO]
19:53:51 [INFO    ] main — Evento [saida]: Carro saiu [DEMO]
19:53:51 [INFO    ] main — Evento [liberada]: Vaga 2 liberada [DEMO]
19:53:53 [INFO    ] main — Evento [entrada]: Carro detectado na entrada [DEMO]
19:53:53 [INFO    ] main — Evento [ocupada]: Vaga 4 ocupada [DEMO]
19:53:56 [INFO    ] main — Evento [entrada]: Carro detectado na entrada [DEMO]
19:53:56 [INFO    ] main — Evento [ocupada]: Vaga 1 ocupada [DEMO]
19:53:59 [INFO    ] main — Evento [entrada]: Carro detectado na entrada [DEMO]
19:53:59 [INFO    ] main — Evento [ocupada]: Vaga 3 ocupada [DEMO]
19:53:59 [WARNING ] motor_regras — Alerta ativado [ultima_vaga]: Atenção: apenas 1 vaga disponível
19:54:01 [INFO    ] main — Evento [saida]: Carro saiu [DEMO]
19:54:01 [INFO    ] main — Evento [liberada]: Vaga 3 liberada [DEMO]
19:54:01 [INFO    ] motor_regras — Alerta resolvido [ultima_vaga] id=6eb415e0
19:54:04 [INFO    ] main — Evento [entrada]: Carro detectado na entrada [DEMO]
19:54:04 [INFO    ] main — Evento [ocupada]: Vaga 3 ocupada [DEMO]
19:54:04 [WARNING ] motor_regras — Alerta ativado [ultima_vaga]: Atenção: apenas 1 vaga disponível
19:54:06 [INFO    ] main — Evento [saida]: Carro saiu [DEMO]
19:54:07 [INFO    ] main — Evento [liberada]: Vaga 1 liberada [DEMO]
19:54:07 [INFO    ] motor_regras — Alerta resolvido [ultima_vaga] id=6d073d61
19:54:09 [INFO    ] main — Evento [saida]: Carro saiu [DEMO]
19:54:09 [INFO    ] main — Evento [liberada]: Vaga 3 liberada [DEMO]
19:54:12 [INFO    ] main — Evento [entrada]: Carro detectado na entrada [DEMO]
19:54:12 [INFO    ] main — Evento [ocupada]: Vaga 2 ocupada [DEMO]
19:54:14 [INFO    ] main — Evento [saida]: Carro saiu [DEMO]
19:54:15 [INFO    ] main — Evento [liberada]: Vaga 2 liberada [DEMO]
19:54:16 [INFO    ] werkzeug — 127.0.0.1 - - [16/Jun/2026 19:54:16] "GET /ws HTTP/1.1" 200 -
19:54:17 [INFO    ] main — Evento [saida]: Carro saiu [DEMO]
19:54:17 [INFO    ] main — Evento [liberada]: Vaga 4 liberada [DEMO]
19:54:20 [INFO    ] main — Evento [entrada]: Carro detectado na entrada [DEMO]
19:54:20 [INFO    ] main — Evento [ocupada]: Vaga 1 ocupada [DEMO]
19:54:20 [INFO    ] flask_app — WS conectado. Total: 1
19:54:22 [INFO    ] main — Evento [entrada]: Carro detectado na entrada [DEMO]
19:54:22 [INFO    ] main — Evento [ocupada]: Vaga 3 ocupada [DEMO]
19:54:25 [INFO    ] main — Evento [saida]: Carro saiu [DEMO]
19:54:25 [INFO    ] main — Evento [liberada]: Vaga 1 liberada [DEMO]
19:54:28 [INFO    ] main — Evento [entrada]: Carro detectado na entrada [DEMO]
19:54:28 [INFO    ] main — Evento [ocupada]: Vaga 2 ocupada [DEMO]
19:54:30 [INFO    ] main — Evento [saida]: Carro saiu [DEMO]
19:54:30 [INFO    ] main — Evento [liberada]: Vaga 2 liberada [DEMO]
19:54:33 [INFO    ] main — Evento [entrada]: Carro detectado na entrada [DEMO]
19:54:33 [INFO    ] main — Evento [ocupada]: Vaga 2 ocupada [DEMO]
19:54:35 [INFO    ] main — Evento [saida]: Carro saiu [DEMO]
19:54:36 [INFO    ] main — Evento [liberada]: Vaga 2 liberada [DEMO]
19:54:38 [INFO    ] main — Evento [entrada]: Carro detectado na entrada [DEMO]
19:54:38 [INFO    ] main — Evento [ocupada]: Vaga 1 ocupada [DEMO]
19:54:41 [INFO    ] main — Evento [saida]: Carro saiu [DEMO]
19:54:41 [INFO    ] main — Evento [liberada]: Vaga 1 liberada [DEMO]
19:54:43 [INFO    ] main — Evento [entrada]: Carro detectado na entrada [DEMO]
19:54:43 [INFO    ] main — Evento [ocupada]: Vaga 1 ocupada [DEMO]
19:54:46 [INFO    ] main — Evento [saida]: Carro saiu [DEMO]
19:54:46 [INFO    ] main — Evento [liberada]: Vaga 1 liberada [DEMO]
19:54:49 [INFO    ] main — Evento [saida]: Carro saiu [DEMO]
19:54:49 [INFO    ] main — Evento [liberada]: Vaga 3 liberada [DEMO]
19:54:50 [INFO    ] werkzeug — 127.0.0.1 - - [16/Jun/2026 19:54:50] "GET /ws HTTP/1.1" 200 -
19:54:51 [INFO    ] main — Evento [entrada]: Carro detectado na entrada [DEMO]
19:54:51 [INFO    ] main — Evento [ocupada]: Vaga 2 ocupada [DEMO]
19:54:54 [INFO    ] flask_app — WS conectado. Total: 1
19:54:54 [INFO    ] main — Evento [entrada]: Carro detectado na entrada [DEMO]
19:54:54 [INFO    ] main — Evento [ocupada]: Vaga 4 ocupada [DEMO]
19:54:57 [INFO    ] main — Evento [entrada]: Carro detectado na entrada [DEMO]
19:54:57 [INFO    ] main — Evento [ocupada]: Vaga 3 ocupada [DEMO]
19:54:57 [WARNING ] motor_regras — Alerta ativado [ultima_vaga]: Atenção: apenas 1 vaga disponível
19:54:59 [INFO    ] main — Evento [saida]: Carro saiu [DEMO]
19:54:59 [INFO    ] main — Evento [liberada]: Vaga 4 liberada [DEMO]
19:54:59 [INFO    ] motor_regras — Alerta resolvido [ultima_vaga] id=b56ed32f
19:55:02 [INFO    ] main — Evento [entrada]: Carro detectado na entrada [DEMO]
19:55:02 [INFO    ] main — Evento [ocupada]: Vaga 4 ocupada [DEMO]
19:55:02 [WARNING ] motor_regras — Alerta ativado [ultima_vaga]: Atenção: apenas 1 vaga disponível
19:55:04 [INFO    ] main — Evento [saida]: Carro saiu [DEMO]
19:55:05 [INFO    ] main — Evento [liberada]: Vaga 2 liberada [DEMO]
19:55:05 [INFO    ] motor_regras — Alerta resolvido [ultima_vaga] id=5624cc7e
19:55:07 [INFO    ] main — Evento [entrada]: Carro detectado na entrada [DEMO]
19:55:07 [INFO    ] main — Evento [ocupada]: Vaga 1 ocupada [DEMO]
19:55:07 [WARNING ] motor_regras — Alerta ativado [ultima_vaga]: Atenção: apenas 1 vaga disponível
19:55:10 [INFO    ] main — Evento [saida]: Carro saiu [DEMO]
19:55:10 [INFO    ] main — Evento [liberada]: Vaga 4 liberada [DEMO]
19:55:10 [INFO    ] motor_regras — Alerta resolvido [ultima_vaga] id=d71d3310
19:55:12 [INFO    ] main — Evento [entrada]: Carro detectado na entrada [DEMO]
19:55:12 [INFO    ] main — Evento [ocupada]: Vaga 2 ocupada [DEMO]
19:55:12 [WARNING ] motor_regras — Alerta ativado [ultima_vaga]: Atenção: apenas 1 vaga disponível
19:55:15 [INFO    ] main — Evento [saida]: Carro saiu [DEMO]
19:55:15 [INFO    ] main — Evento [liberada]: Vaga 2 liberada [DEMO]
19:55:15 [INFO    ] motor_regras — Alerta resolvido [ultima_vaga] id=cba8b49e
19:55:18 [INFO    ] main — Evento [saida]: Carro saiu [DEMO]
19:55:18 [INFO    ] main — Evento [liberada]: Vaga 1 liberada [DEMO]
19:55:20 [INFO    ] main — Evento [entrada]: Carro detectado na entrada [DEMO]
19:55:20 [INFO    ] main — Evento [ocupada]: Vaga 1 ocupada [DEMO]
19:55:23 [INFO    ] main — Evento [saida]: Carro saiu [DEMO]
19:55:23 [INFO    ] main — Evento [liberada]: Vaga 1 liberada [DEMO]
19:55:24 [INFO    ] werkzeug — 127.0.0.1 - - [16/Jun/2026 19:55:24] "GET /ws HTTP/1.1" 200 -
19:55:26 [INFO    ] main — Evento [entrada]: Carro detectado na entrada [DEMO]
19:55:26 [INFO    ] main — Evento [ocupada]: Vaga 1 ocupada [DEMO]
19:55:28 [INFO    ] flask_app — WS conectado. Total: 1
19:55:28 [INFO    ] main — Evento [entrada]: Carro detectado na entrada [DEMO]
19:55:28 [INFO    ] main — Evento [ocupada]: Vaga 4 ocupada [DEMO]
19:55:28 [WARNING ] motor_regras — Alerta ativado [ultima_vaga]: Atenção: apenas 1 vaga disponível
19:55:31 [INFO    ] main — Evento [saida]: Carro saiu [DEMO]
19:55:31 [INFO    ] main — Evento [liberada]: Vaga 1 liberada [DEMO]
19:55:31 [INFO    ] motor_regras — Alerta resolvido [ultima_vaga] id=2983f871
19:55:33 [INFO    ] main — Evento [entrada]: Carro detectado na entrada [DEMO]
19:55:34 [INFO    ] main — Evento [ocupada]: Vaga 2 ocupada [DEMO]
19:55:34 [WARNING ] motor_regras — Alerta ativado [ultima_vaga]: Atenção: apenas 1 vaga disponível
19:55:36 [INFO    ] main — Evento [saida]: Carro saiu [DEMO]
19:55:36 [INFO    ] main — Evento [liberada]: Vaga 3 liberada [DEMO]
19:55:36 [INFO    ] motor_regras — Alerta resolvido [ultima_vaga] id=f225fd76
19:55:39 [INFO    ] main — Evento [saida]: Carro saiu [DEMO]
19:55:39 [INFO    ] main — Evento [liberada]: Vaga 4 liberada [DEMO]
19:55:41 [INFO    ] main — Evento [saida]: Carro saiu [DEMO]
19:55:41 [INFO    ] main — Evento [liberada]: Vaga 2 liberada [DEMO]
19:55:44 [INFO    ] main — Evento [entrada]: Carro detectado na entrada [DEMO]
19:55:44 [INFO    ] main — Evento [ocupada]: Vaga 3 ocupada [DEMO]
19:55:47 [INFO    ] main — Evento [entrada]: Carro detectado na entrada [DEMO]
19:55:47 [INFO    ] main — Evento [ocupada]: Vaga 4 ocupada [DEMO]
19:55:49 [INFO    ] main — Evento [entrada]: Carro detectado na entrada [DEMO]
19:55:49 [INFO    ] main — Evento [ocupada]: Vaga 2 ocupada [DEMO]
19:55:49 [WARNING ] motor_regras — Alerta ativado [ultima_vaga]: Atenção: apenas 1 vaga disponível
19:55:52 [INFO    ] main — Evento [entrada]: Carro detectado na entrada [DEMO]
19:55:52 [INFO    ] main — Evento [ocupada]: Vaga 1 ocupada [DEMO]
19:55:52 [WARNING ] motor_regras — Alerta ativado [lotado]: Estacionamento lotado — nenhuma vaga disponível
19:55:52 [INFO    ] motor_regras — Alerta resolvido [ultima_vaga] id=4cf844d3
19:55:55 [INFO    ] main — Evento [saida]: Carro saiu [DEMO]
19:55:55 [INFO    ] main — Evento [liberada]: Vaga 3 liberada [DEMO]
19:55:55 [INFO    ] motor_regras — Alerta resolvido [lotado] id=2503958b
19:55:55 [WARNING ] motor_regras — Alerta ativado [ultima_vaga]: Atenção: apenas 1 vaga disponível
19:55:57 [INFO    ] main — Evento [entrada]: Carro detectado na entrada [DEMO]
19:55:57 [INFO    ] main — Evento [ocupada]: Vaga 3 ocupada [DEMO]
19:55:57 [WARNING ] motor_regras — Alerta ativado [lotado]: Estacionamento lotado — nenhuma vaga disponível
19:55:57 [INFO    ] motor_regras — Alerta resolvido [ultima_vaga] id=beb15b2a
19:55:58 [INFO    ] werkzeug — 127.0.0.1 - - [16/Jun/2026 19:55:58] "GET /ws HTTP/1.1" 200 -
19:56:00 [INFO    ] main — Evento [saida]: Carro saiu [DEMO]
19:56:00 [INFO    ] main — Evento [liberada]: Vaga 3 liberada [DEMO]
19:56:00 [INFO    ] motor_regras — Alerta resolvido [lotado] id=c54e883d
19:56:00 [WARNING ] motor_regras — Alerta ativado [ultima_vaga]: Atenção: apenas 1 vaga disponível
19:56:02 [INFO    ] flask_app — WS conectado. Total: 1
19:56:03 [INFO    ] main — Evento [saida]: Carro saiu [DEMO]
19:56:03 [INFO    ] main — Evento [liberada]: Vaga 4 liberada [DEMO]
19:56:03 [INFO    ] motor_regras — Alerta resolvido [ultima_vaga] id=c6eb0b01
19:56:05 [INFO    ] main — Evento [entrada]: Carro detectado na entrada [DEMO]
19:56:05 [INFO    ] main — Evento [ocupada]: Vaga 3 ocupada [DEMO]
19:56:05 [WARNING ] motor_regras — Alerta ativado [ultima_vaga]: Atenção: apenas 1 vaga disponível
19:56:08 [INFO    ] main — Evento [saida]: Carro saiu [DEMO]
19:56:08 [INFO    ] main — Evento [liberada]: Vaga 3 liberada [DEMO]
19:56:08 [INFO    ] motor_regras — Alerta resolvido [ultima_vaga] id=86219443
19:56:10 [INFO    ] main — Evento [saida]: Carro saiu [DEMO]
19:56:11 [INFO    ] main — Evento [liberada]: Vaga 1 liberada [DEMO]
19:56:13 [INFO    ] main — Evento [entrada]: Carro detectado na entrada [DEMO]
19:56:13 [INFO    ] main — Evento [ocupada]: Vaga 1 ocupada [DEMO]
19:56:16 [INFO    ] main — Evento [saida]: Carro saiu [DEMO]
19:56:16 [INFO    ] main — Evento [liberada]: Vaga 2 liberada [DEMO]
19:56:18 [INFO    ] main — Evento [entrada]: Carro detectado na entrada [DEMO]
19:56:18 [INFO    ] main — Evento [ocupada]: Vaga 3 ocupada [DEMO]
19:56:21 [INFO    ] main — Evento [saida]: Carro saiu [DEMO]
19:56:21 [INFO    ] main — Evento [liberada]: Vaga 3 liberada [DEMO]
19:56:24 [INFO    ] main — Evento [saida]: Carro saiu [DEMO]
19:56:24 [INFO    ] main — Evento [liberada]: Vaga 1 liberada [DEMO]
19:56:26 [INFO    ] main — Evento [entrada]: Carro detectado na entrada [DEMO]
19:56:26 [INFO    ] main — Evento [ocupada]: Vaga 3 ocupada [DEMO]
19:56:29 [INFO    ] main — Evento [saida]: Carro saiu [DEMO]
19:56:29 [INFO    ] main — Evento [liberada]: Vaga 3 liberada [DEMO]
19:56:32 [INFO    ] main — Evento [entrada]: Carro detectado na entrada [DEMO]
19:56:32 [INFO    ] main — Evento [ocupada]: Vaga 2 ocupada [DEMO]
19:56:32 [INFO    ] werkzeug — 127.0.0.1 - - [16/Jun/2026 19:56:32] "GET /ws HTTP/1.1" 200 -
19:56:34 [INFO    ] main — Evento [saida]: Carro saiu [DEMO]
19:56:34 [INFO    ] main — Evento [liberada]: Vaga 2 liberada [DEMO]
19:56:36 [INFO    ] flask_app — WS conectado. Total: 1
19:56:37 [INFO    ] main — Evento [entrada]: Carro detectado na entrada [DEMO]
19:56:37 [INFO    ] main — Evento [ocupada]: Vaga 2 ocupada [DEMO]
19:56:39 [INFO    ] main — Evento [entrada]: Carro detectado na entrada [DEMO]
19:56:40 [INFO    ] main — Evento [ocupada]: Vaga 4 ocupada [DEMO]
19:56:42 [INFO    ] main — Evento [saida]: Carro saiu [DEMO]
19:56:42 [INFO    ] main — Evento [liberada]: Vaga 4 liberada [DEMO]
19:56:45 [INFO    ] main — Evento [entrada]: Carro detectado na entrada [DEMO]
19:56:45 [INFO    ] main — Evento [ocupada]: Vaga 4 ocupada [DEMO]
19:56:47 [INFO    ] main — Evento [saida]: Carro saiu [DEMO]
19:56:47 [INFO    ] main — Evento [liberada]: Vaga 2 liberada [DEMO]
19:56:50 [INFO    ] main — Evento [entrada]: Carro detectado na entrada [DEMO]
19:56:50 [INFO    ] main — Evento [ocupada]: Vaga 3 ocupada [DEMO]
19:56:53 [INFO    ] main — Evento [entrada]: Carro detectado na entrada [DEMO]
19:56:53 [INFO    ] main — Evento [ocupada]: Vaga 1 ocupada [DEMO]
19:56:53 [WARNING ] motor_regras — Alerta ativado [ultima_vaga]: Atenção: apenas 1 vaga disponível
19:56:55 [INFO    ] main — Evento [entrada]: Carro detectado na entrada [DEMO]
19:56:55 [INFO    ] main — Evento [ocupada]: Vaga 2 ocupada [DEMO]
19:56:55 [WARNING ] motor_regras — Alerta ativado [lotado]: Estacionamento lotado — nenhuma vaga disponível
19:56:55 [INFO    ] motor_regras — Alerta resolvido [ultima_vaga] id=69b5ec63
19:56:58 [INFO    ] main — Evento [saida]: Carro saiu [DEMO]
19:56:58 [INFO    ] main — Evento [liberada]: Vaga 2 liberada [DEMO]
19:56:58 [INFO    ] motor_regras — Alerta resolvido [lotado] id=f04c7440
19:56:58 [WARNING ] motor_regras — Alerta ativado [ultima_vaga]: Atenção: apenas 1 vaga disponível
19:57:01 [INFO    ] main — Evento [saida]: Carro saiu [DEMO]
19:57:01 [INFO    ] main — Evento [liberada]: Vaga 1 liberada [DEMO]
19:57:01 [INFO    ] motor_regras — Alerta resolvido [ultima_vaga] id=0c9b47e4
19:57:03 [INFO    ] main — Evento [saida]: Carro saiu [DEMO]
19:57:03 [INFO    ] main — Evento [liberada]: Vaga 3 liberada [DEMO]
19:57:06 [INFO    ] main — Evento [entrada]: Carro detectado na entrada [DEMO]
19:57:06 [INFO    ] werkzeug — 127.0.0.1 - - [16/Jun/2026 19:57:06] "GET /ws HTTP/1.1" 200 -
19:57:06 [INFO    ] main — Evento [ocupada]: Vaga 1 ocupada [DEMO]
19:57:08 [INFO    ] main — Evento [entrada]: Carro detectado na entrada [DEMO]
19:57:09 [INFO    ] main — Evento [ocupada]: Vaga 2 ocupada [DEMO]
19:57:09 [WARNING ] motor_regras — Alerta ativado [ultima_vaga]: Atenção: apenas 1 vaga disponível
19:57:10 [INFO    ] flask_app — WS conectado. Total: 1
19:57:11 [INFO    ] main — Evento [entrada]: Carro detectado na entrada [DEMO]
19:57:11 [INFO    ] main — Evento [ocupada]: Vaga 3 ocupada [DEMO]
19:57:11 [WARNING ] motor_regras — Alerta ativado [lotado]: Estacionamento lotado — nenhuma vaga disponível
19:57:11 [INFO    ] motor_regras — Alerta resolvido [ultima_vaga] id=439fafa6
19:57:14 [INFO    ] main — Evento [saida]: Carro saiu [DEMO]
19:57:14 [INFO    ] main — Evento [liberada]: Vaga 1 liberada [DEMO]
19:57:14 [INFO    ] motor_regras — Alerta resolvido [lotado] id=c9b79053
19:57:14 [WARNING ] motor_regras — Alerta ativado [ultima_vaga]: Atenção: apenas 1 vaga disponível
19:57:16 [INFO    ] main — Evento [saida]: Carro saiu [DEMO]
19:57:16 [INFO    ] main — Evento [liberada]: Vaga 4 liberada [DEMO]
19:57:16 [INFO    ] motor_regras — Alerta resolvido [ultima_vaga] id=c19cfee0
19:57:19 [INFO    ] main — Evento [saida]: Carro saiu [DEMO]
19:57:19 [INFO    ] main — Evento [liberada]: Vaga 3 liberada [DEMO]
19:57:22 [INFO    ] main — Evento [entrada]: Carro detectado na entrada [DEMO]
19:57:22 [INFO    ] main — Evento [ocupada]: Vaga 4 ocupada [DEMO]
19:57:24 [INFO    ] main — Evento [entrada]: Carro detectado na entrada [DEMO]
19:57:24 [INFO    ] main — Evento [ocupada]: Vaga 1 ocupada [DEMO]
19:57:24 [WARNING ] motor_regras — Alerta ativado [ultima_vaga]: Atenção: apenas 1 vaga disponível
19:57:27 [INFO    ] main — Evento [saida]: Carro saiu [DEMO]
19:57:27 [INFO    ] main — Evento [liberada]: Vaga 2 liberada [DEMO]
19:57:27 [INFO    ] motor_regras — Alerta resolvido [ultima_vaga] id=013c734e
19:57:30 [INFO    ] main — Evento [entrada]: Carro detectado na entrada [DEMO]
19:57:30 [INFO    ] main — Evento [ocupada]: Vaga 2 ocupada [DEMO]
19:57:30 [WARNING ] motor_regras — Alerta ativado [ultima_vaga]: Atenção: apenas 1 vaga disponível
19:57:32 [INFO    ] main — Evento [saida]: Carro saiu [DEMO]
19:57:32 [INFO    ] main — Evento [liberada]: Vaga 1 liberada [DEMO]
19:57:32 [INFO    ] motor_regras — Alerta resolvido [ultima_vaga] id=2ddea3e1
19:57:35 [INFO    ] main — Evento [entrada]: Carro detectado na entrada [DEMO]
19:57:35 [INFO    ] main — Evento [ocupada]: Vaga 1 ocupada [DEMO]
19:57:35 [WARNING ] motor_regras — Alerta ativado [ultima_vaga]: Atenção: apenas 1 vaga disponível
19:57:37 [INFO    ] main — Evento [entrada]: Carro detectado na entrada [DEMO]
19:57:38 [INFO    ] main — Evento [ocupada]: Vaga 3 ocupada [DEMO]
19:57:38 [WARNING ] motor_regras — Alerta ativado [lotado]: Estacionamento lotado — nenhuma vaga disponível
19:57:38 [INFO    ] motor_regras — Alerta resolvido [ultima_vaga] id=61c26515
19:57:40 [INFO    ] werkzeug — 127.0.0.1 - - [16/Jun/2026 19:57:40] "GET /ws HTTP/1.1" 200 -
19:57:40 [INFO    ] main — Evento [saida]: Carro saiu [DEMO]
19:57:40 [INFO    ] main — Evento [liberada]: Vaga 1 liberada [DEMO]
19:57:40 [INFO    ] motor_regras — Alerta resolvido [lotado] id=c81ec857
19:57:40 [WARNING ] motor_regras — Alerta ativado [ultima_vaga]: Atenção: apenas 1 vaga disponível
19:57:43 [INFO    ] main — Evento [saida]: Carro saiu [DEMO]
19:57:43 [INFO    ] main — Evento [liberada]: Vaga 3 liberada [DEMO]
19:57:43 [INFO    ] motor_regras — Alerta resolvido [ultima_vaga] id=3eacc524
19:57:44 [INFO    ] flask_app — WS conectado. Total: 1
19:57:45 [INFO    ] main — Evento [entrada]: Carro detectado na entrada [DEMO]
19:57:45 [INFO    ] main — Evento [ocupada]: Vaga 3 ocupada [DEMO]
19:57:45 [WARNING ] motor_regras — Alerta ativado [ultima_vaga]: Atenção: apenas 1 vaga disponível
19:57:48 [INFO    ] main — Evento [saida]: Carro saiu [DEMO]
19:57:48 [INFO    ] main — Evento [liberada]: Vaga 4 liberada [DEMO]
19:57:48 [INFO    ] motor_regras — Alerta resolvido [ultima_vaga] id=d17bca83
19:57:51 [INFO    ] main — Evento [saida]: Carro saiu [DEMO]
19:57:51 [INFO    ] main — Evento [liberada]: Vaga 3 liberada [DEMO]
19:57:53 [INFO    ] main — Evento [entrada]: Carro detectado na entrada [DEMO]
19:57:53 [INFO    ] main — Evento [ocupada]: Vaga 3 ocupada [DEMO]
19:57:56 [INFO    ] main — Evento [saida]: Carro saiu [DEMO]
19:57:56 [INFO    ] main — Evento [liberada]: Vaga 3 liberada [DEMO]
19:57:59 [INFO    ] main — Evento [saida]: Carro saiu [DEMO]
19:57:59 [INFO    ] main — Evento [liberada]: Vaga 2 liberada [DEMO]
19:58:01 [INFO    ] main — Evento [entrada]: Carro detectado na entrada [DEMO]
19:58:01 [INFO    ] main — Evento [ocupada]: Vaga 4 ocupada [DEMO]
19:58:04 [INFO    ] main — Evento [entrada]: Carro detectado na entrada [DEMO]
19:58:04 [INFO    ] main — Evento [ocupada]: Vaga 1 ocupada [DEMO]
19:58:06 [INFO    ] main — Evento [saida]: Carro saiu [DEMO]
19:58:07 [INFO    ] main — Evento [liberada]: Vaga 1 liberada [DEMO]
19:58:09 [INFO    ] main — Evento [saida]: Carro saiu [DEMO]
19:58:09 [INFO    ] main — Evento [liberada]: Vaga 4 liberada [DEMO]
19:58:12 [INFO    ] main — Evento [entrada]: Carro detectado na entrada [DEMO]
19:58:12 [INFO    ] main — Evento [ocupada]: Vaga 2 ocupada [DEMO]
19:58:14 [INFO    ] werkzeug — 127.0.0.1 - - [16/Jun/2026 19:58:14] "GET /ws HTTP/1.1" 200 -
19:58:14 [INFO    ] main — Evento [entrada]: Carro detectado na entrada [DEMO]
19:58:14 [INFO    ] main — Evento [ocupada]: Vaga 1 ocupada [DEMO]
19:58:17 [INFO    ] main — Evento [entrada]: Carro detectado na entrada [DEMO]
19:58:17 [INFO    ] main — Evento [ocupada]: Vaga 4 ocupada [DEMO]
19:58:17 [WARNING ] motor_regras — Alerta ativado [ultima_vaga]: Atenção: apenas 1 vaga disponível
19:58:18 [INFO    ] flask_app — WS conectado. Total: 1
19:58:20 [INFO    ] main — Evento [saida]: Carro saiu [DEMO]
19:58:20 [INFO    ] main — Evento [liberada]: Vaga 1 liberada [DEMO]
19:58:20 [INFO    ] motor_regras — Alerta resolvido [ultima_vaga] id=8cd1cead
19:58:22 [INFO    ] main — Evento [entrada]: Carro detectado na entrada [DEMO]
19:58:22 [INFO    ] main — Evento [ocupada]: Vaga 3 ocupada [DEMO]
19:58:22 [WARNING ] motor_regras — Alerta ativado [ultima_vaga]: Atenção: apenas 1 vaga disponível
19:58:25 [INFO    ] main — Evento [saida]: Carro saiu [DEMO]
19:58:25 [INFO    ] main — Evento [liberada]: Vaga 4 liberada [DEMO]
19:58:25 [INFO    ] motor_regras — Alerta resolvido [ultima_vaga] id=f29ba647
19:58:28 [INFO    ] main — Evento [entrada]: Carro detectado na entrada [DEMO]
19:58:28 [INFO    ] main — Evento [ocupada]: Vaga 4 ocupada [DEMO]
19:58:28 [WARNING ] motor_regras — Alerta ativado [ultima_vaga]: Atenção: apenas 1 vaga disponível
19:58:30 [INFO    ] main — Evento [saida]: Carro saiu [DEMO]
19:58:30 [INFO    ] main — Evento [liberada]: Vaga 4 liberada [DEMO]
19:58:30 [INFO    ] motor_regras — Alerta resolvido [ultima_vaga] id=635ba1a4
19:58:33 [INFO    ] main — Evento [entrada]: Carro detectado na entrada [DEMO]
19:58:33 [INFO    ] main — Evento [ocupada]: Vaga 4 ocupada [DEMO]
19:58:33 [WARNING ] motor_regras — Alerta ativado [ultima_vaga]: Atenção: apenas 1 vaga disponível
19:58:35 [INFO    ] main — Evento [entrada]: Carro detectado na entrada [DEMO]
19:58:36 [INFO    ] main — Evento [ocupada]: Vaga 1 ocupada [DEMO]
19:58:36 [WARNING ] motor_regras — Alerta ativado [lotado]: Estacionamento lotado — nenhuma vaga disponível
19:58:36 [INFO    ] motor_regras — Alerta resolvido [ultima_vaga] id=6ee1310d
19:58:38 [INFO    ] main — Evento [saida]: Carro saiu [DEMO]
19:58:38 [INFO    ] main — Evento [liberada]: Vaga 3 liberada [DEMO]
19:58:38 [INFO    ] motor_regras — Alerta resolvido [lotado] id=0afb942c
19:58:38 [WARNING ] motor_regras — Alerta ativado [ultima_vaga]: Atenção: apenas 1 vaga disponível
19:58:41 [INFO    ] main — Evento [entrada]: Carro detectado na entrada [DEMO]
19:58:41 [INFO    ] main — Evento [ocupada]: Vaga 3 ocupada [DEMO]
19:58:41 [WARNING ] motor_regras — Alerta ativado [lotado]: Estacionamento lotado — nenhuma vaga disponível
19:58:41 [INFO    ] motor_regras — Alerta resolvido [ultima_vaga] id=4d1726d7
19:58:43 [INFO    ] main — Evento [saida]: Carro saiu [DEMO]
19:58:44 [INFO    ] main — Evento [liberada]: Vaga 4 liberada [DEMO]
19:58:44 [INFO    ] motor_regras — Alerta resolvido [lotado] id=ba487ca4
19:58:44 [WARNING ] motor_regras — Alerta ativado [ultima_vaga]: Atenção: apenas 1 vaga disponível
19:58:46 [INFO    ] main — Evento [saida]: Carro saiu [DEMO]
19:58:46 [INFO    ] main — Evento [liberada]: Vaga 3 liberada [DEMO]
19:58:46 [INFO    ] motor_regras — Alerta resolvido [ultima_vaga] id=dce2502b
19:58:48 [INFO    ] werkzeug — 127.0.0.1 - - [16/Jun/2026 19:58:48] "GET /ws HTTP/1.1" 200 -
19:58:49 [INFO    ] main — Evento [entrada]: Carro detectado na entrada [DEMO]
19:58:49 [INFO    ] main — Evento [ocupada]: Vaga 4 ocupada [DEMO]
19:58:49 [WARNING ] motor_regras — Alerta ativado [ultima_vaga]: Atenção: apenas 1 vaga disponível
19:58:51 [INFO    ] main — Evento [saida]: Carro saiu [DEMO]
19:58:51 [INFO    ] main — Evento [liberada]: Vaga 4 liberada [DEMO]
19:58:51 [INFO    ] motor_regras — Alerta resolvido [ultima_vaga] id=cabcd8fc
19:58:52 [INFO    ] flask_app — WS conectado. Total: 1
19:58:54 [INFO    ] main — Evento [entrada]: Carro detectado na entrada [DEMO]
19:58:54 [INFO    ] main — Evento [ocupada]: Vaga 4 ocupada [DEMO]
19:58:54 [WARNING ] motor_regras — Alerta ativado [ultima_vaga]: Atenção: apenas 1 vaga disponível
19:58:57 [INFO    ] main — Evento [entrada]: Carro detectado na entrada [DEMO]
19:58:57 [INFO    ] main — Evento [ocupada]: Vaga 3 ocupada [DEMO]
19:58:57 [WARNING ] motor_regras — Alerta ativado [lotado]: Estacionamento lotado — nenhuma vaga disponível
19:58:57 [INFO    ] motor_regras — Alerta resolvido [ultima_vaga] id=2caba958
19:58:59 [INFO    ] main — Evento [saida]: Carro saiu [DEMO]
19:58:59 [INFO    ] main — Evento [liberada]: Vaga 4 liberada [DEMO]
19:58:59 [INFO    ] motor_regras — Alerta resolvido [lotado] id=672d9dfa
19:58:59 [WARNING ] motor_regras — Alerta ativado [ultima_vaga]: Atenção: apenas 1 vaga disponível
19:59:02 [INFO    ] main — Evento [saida]: Carro saiu [DEMO]
19:59:02 [INFO    ] main — Evento [liberada]: Vaga 1 liberada [DEMO]
19:59:02 [INFO    ] motor_regras — Alerta resolvido [ultima_vaga] id=05723ed8
19:59:05 [INFO    ] main — Evento [saida]: Carro saiu [DEMO]
19:59:05 [INFO    ] main — Evento [liberada]: Vaga 3 liberada [DEMO]
19:59:07 [INFO    ] main — Evento [entrada]: Carro detectado na entrada [DEMO]
19:59:07 [INFO    ] main — Evento [ocupada]: Vaga 3 ocupada [DEMO]
19:59:10 [INFO    ] main — Evento [entrada]: Carro detectado na entrada [DEMO]
19:59:10 [INFO    ] main — Evento [ocupada]: Vaga 4 ocupada [DEMO]
19:59:10 [WARNING ] motor_regras — Alerta ativado [ultima_vaga]: Atenção: apenas 1 vaga disponível
19:59:12 [INFO    ] main — Evento [entrada]: Carro detectado na entrada [DEMO]
19:59:13 [INFO    ] main — Evento [ocupada]: Vaga 1 ocupada [DEMO]
19:59:13 [WARNING ] motor_regras — Alerta ativado [lotado]: Estacionamento lotado — nenhuma vaga disponível
19:59:13 [INFO    ] motor_regras — Alerta resolvido [ultima_vaga] id=61dc627b
19:59:15 [INFO    ] main — Evento [saida]: Carro saiu [DEMO]
19:59:15 [INFO    ] main — Evento [liberada]: Vaga 1 liberada [DEMO]
19:59:15 [INFO    ] motor_regras — Alerta resolvido [lotado] id=45881d94
19:59:15 [WARNING ] motor_regras — Alerta ativado [ultima_vaga]: Atenção: apenas 1 vaga disponível
19:59:18 [INFO    ] main — Evento [saida]: Carro saiu [DEMO]
19:59:18 [INFO    ] main — Evento [liberada]: Vaga 3 liberada [DEMO]
19:59:18 [INFO    ] motor_regras — Alerta resolvido [ultima_vaga] id=c81967b7
19:59:20 [INFO    ] main — Evento [saida]: Carro saiu [DEMO]
19:59:20 [INFO    ] main — Evento [liberada]: Vaga 4 liberada [DEMO]
19:59:22 [INFO    ] werkzeug — 127.0.0.1 - - [16/Jun/2026 19:59:22] "GET /ws HTTP/1.1" 200 -
19:59:23 [INFO    ] main — Evento [entrada]: Carro detectado na entrada [DEMO]
19:59:23 [INFO    ] main — Evento [ocupada]: Vaga 3 ocupada [DEMO]
19:59:26 [INFO    ] main — Evento [entrada]: Carro detectado na entrada [DEMO]
19:59:26 [INFO    ] main — Evento [ocupada]: Vaga 4 ocupada [DEMO]
19:59:26 [WARNING ] motor_regras — Alerta ativado [ultima_vaga]: Atenção: apenas 1 vaga disponível
19:59:26 [INFO    ] flask_app — WS conectado. Total: 1
19:59:28 [INFO    ] main — Evento [entrada]: Carro detectado na entrada [DEMO]
19:59:28 [INFO    ] main — Evento [ocupada]: Vaga 1 ocupada [DEMO]
19:59:28 [WARNING ] motor_regras — Alerta ativado [lotado]: Estacionamento lotado — nenhuma vaga disponível
19:59:28 [INFO    ] motor_regras — Alerta resolvido [ultima_vaga] id=dc37ab78
19:59:31 [INFO    ] main — Evento [saida]: Carro saiu [DEMO]
19:59:31 [INFO    ] main — Evento [liberada]: Vaga 4 liberada [DEMO]
19:59:31 [INFO    ] motor_regras — Alerta resolvido [lotado] id=d1e87215
19:59:31 [WARNING ] motor_regras — Alerta ativado [ultima_vaga]: Atenção: apenas 1 vaga disponível
19:59:34 [INFO    ] main — Evento [saida]: Carro saiu [DEMO]
19:59:34 [INFO    ] main — Evento [liberada]: Vaga 3 liberada [DEMO]
19:59:34 [INFO    ] motor_regras — Alerta resolvido [ultima_vaga] id=cd6322b6
19:59:36 [INFO    ] main — Evento [entrada]: Carro detectado na entrada [DEMO]
19:59:36 [INFO    ] main — Evento [ocupada]: Vaga 3 ocupada [DEMO]
19:59:36 [WARNING ] motor_regras — Alerta ativado [ultima_vaga]: Atenção: apenas 1 vaga disponível
19:59:39 [INFO    ] main — Evento [entrada]: Carro detectado na entrada [DEMO]
19:59:39 [INFO    ] main — Evento [ocupada]: Vaga 4 ocupada [DEMO]
19:59:39 [WARNING ] motor_regras — Alerta ativado [lotado]: Estacionamento lotado — nenhuma vaga disponível
19:59:39 [INFO    ] motor_regras — Alerta resolvido [ultima_vaga] id=92735c34
19:59:41 [INFO    ] main — Evento [saida]: Carro saiu [DEMO]
19:59:42 [INFO    ] main — Evento [liberada]: Vaga 4 liberada [DEMO]
19:59:42 [INFO    ] motor_regras — Alerta resolvido [lotado] id=e6fc0fe0
19:59:42 [WARNING ] motor_regras — Alerta ativado [ultima_vaga]: Atenção: apenas 1 vaga disponível
19:59:44 [INFO    ] main — Evento [saida]: Carro saiu [DEMO]
19:59:44 [INFO    ] main — Evento [liberada]: Vaga 1 liberada [DEMO]
19:59:44 [INFO    ] motor_regras — Alerta resolvido [ultima_vaga] id=d0db900a
19:59:47 [INFO    ] main — Evento [entrada]: Carro detectado na entrada [DEMO]
19:59:47 [INFO    ] main — Evento [ocupada]: Vaga 4 ocupada [DEMO]
19:59:47 [WARNING ] motor_regras — Alerta ativado [ultima_vaga]: Atenção: apenas 1 vaga disponível
19:59:47 [INFO    ] werkzeug — 127.0.0.1 - - [16/Jun/2026 19:59:47] "GET /ws HTTP/1.1" 200 -
19:59:48 [INFO    ] flask_app — WS conectado. Total: 1
19:59:48 [INFO    ] werkzeug — 127.0.0.1 - - [16/Jun/2026 19:59:48] "GET /api/status HTTP/1.1" 200 -
19:59:48 [INFO    ] werkzeug — 127.0.0.1 - - [16/Jun/2026 19:59:48] "GET /api/status HTTP/1.1" 200 -
19:59:49 [INFO    ] main — Evento [saida]: Carro saiu [DEMO]
19:59:49 [INFO    ] main — Evento [liberada]: Vaga 3 liberada [DEMO]
19:59:49 [INFO    ] motor_regras — Alerta resolvido [ultima_vaga] id=25d13189
19:59:51 [INFO    ] flask_app — WS conectado. Total: 2
19:59:52 [INFO    ] main — Evento [entrada]: Carro detectado na entrada [DEMO]
19:59:52 [INFO    ] main — Evento [ocupada]: Vaga 3 ocupada [DEMO]
19:59:52 [WARNING ] motor_regras — Alerta ativado [ultima_vaga]: Atenção: apenas 1 vaga disponível
19:59:55 [INFO    ] main — Evento [saida]: Carro saiu [DEMO]
19:59:55 [INFO    ] main — Evento [liberada]: Vaga 2 liberada [DEMO]
19:59:55 [INFO    ] motor_regras — Alerta resolvido [ultima_vaga] id=4e36aef5
19:59:57 [INFO    ] main — Evento [saida]: Carro saiu [DEMO]
19:59:57 [INFO    ] main — Evento [liberada]: Vaga 4 liberada [DEMO]
20:00:00 [INFO    ] main — Evento [entrada]: Carro detectado na entrada [DEMO]
20:00:00 [INFO    ] main — Evento [ocupada]: Vaga 1 ocupada [DEMO]
20:00:03 [INFO    ] main — Evento [entrada]: Carro detectado na entrada [DEMO]
20:00:03 [INFO    ] main — Evento [ocupada]: Vaga 2 ocupada [DEMO]
20:00:03 [WARNING ] motor_regras — Alerta ativado [ultima_vaga]: Atenção: apenas 1 vaga disponível
20:00:05 [INFO    ] main — Evento [saida]: Carro saiu [DEMO]
20:00:05 [INFO    ] main — Evento [liberada]: Vaga 1 liberada [DEMO]
20:00:05 [INFO    ] motor_regras — Alerta resolvido [ultima_vaga] id=903f443d
20:00:08 [INFO    ] main — Evento [saida]: Carro saiu [DEMO]
20:00:08 [INFO    ] main — Evento [liberada]: Vaga 2 liberada [DEMO]
20:00:11 [INFO    ] main — Evento [entrada]: Carro detectado na entrada [DEMO]
20:00:11 [INFO    ] main — Evento [ocupada]: Vaga 2 ocupada [DEMO]
20:00:13 [INFO    ] main — Evento [saida]: Carro saiu [DEMO]
20:00:13 [INFO    ] main — Evento [liberada]: Vaga 3 liberada [DEMO]
20:00:16 [INFO    ] main — Evento [entrada]: Carro detectado na entrada [DEMO]
20:00:16 [INFO    ] main — Evento [ocupada]: Vaga 1 ocupada [DEMO]
20:00:18 [INFO    ] werkzeug — 127.0.0.1 - - [16/Jun/2026 20:00:18] "GET /ws HTTP/1.1" 200 -
20:00:19 [INFO    ] main — Evento [saida]: Carro saiu [DEMO]
20:00:19 [INFO    ] main — Evento [liberada]: Vaga 2 liberada [DEMO]
20:00:21 [INFO    ] werkzeug — 127.0.0.1 - - [16/Jun/2026 20:00:21] "GET /ws HTTP/1.1" 200 -
20:00:21 [INFO    ] main — Evento [entrada]: Carro detectado na entrada [DEMO]
20:00:21 [INFO    ] main — Evento [ocupada]: Vaga 4 ocupada [DEMO]
20:00:22 [INFO    ] flask_app — WS conectado. Total: 1
20:00:24 [INFO    ] main — Evento [saida]: Carro saiu [DEMO]
20:00:24 [INFO    ] main — Evento [liberada]: Vaga 1 liberada [DEMO]
20:00:26 [INFO    ] main — Evento [entrada]: Carro detectado na entrada [DEMO]
20:00:26 [INFO    ] main — Evento [ocupada]: Vaga 3 ocupada [DEMO]
20:00:29 [INFO    ] main — Evento [entrada]: Carro detectado na entrada [DEMO]
20:00:29 [INFO    ] main — Evento [ocupada]: Vaga 2 ocupada [DEMO]
20:00:29 [WARNING ] motor_regras — Alerta ativado [ultima_vaga]: Atenção: apenas 1 vaga disponível
20:00:32 [INFO    ] main — Evento [saida]: Carro saiu [DEMO]
20:00:32 [INFO    ] main — Evento [liberada]: Vaga 4 liberada [DEMO]
20:00:32 [INFO    ] motor_regras — Alerta resolvido [ultima_vaga] id=2b381b3c
20:00:34 [INFO    ] main — Evento [entrada]: Carro detectado na entrada [DEMO]
20:00:34 [INFO    ] main — Evento [ocupada]: Vaga 1 ocupada [DEMO]
20:00:34 [WARNING ] motor_regras — Alerta ativado [ultima_vaga]: Atenção: apenas 1 vaga disponível
20:00:37 [INFO    ] main — Evento [entrada]: Carro detectado na entrada [DEMO]
20:00:37 [INFO    ] main — Evento [ocupada]: Vaga 4 ocupada [DEMO]
20:00:37 [WARNING ] motor_regras — Alerta ativado [lotado]: Estacionamento lotado — nenhuma vaga disponível
20:00:37 [INFO    ] motor_regras — Alerta resolvido [ultima_vaga] id=96c69d0e
20:00:40 [INFO    ] main — Evento [saida]: Carro saiu [DEMO]
20:00:40 [INFO    ] main — Evento [liberada]: Vaga 1 liberada [DEMO]
20:00:40 [INFO    ] motor_regras — Alerta resolvido [lotado] id=6db6cc09
20:00:40 [WARNING ] motor_regras — Alerta ativado [ultima_vaga]: Atenção: apenas 1 vaga disponível
20:00:42 [INFO    ] main — Evento [entrada]: Carro detectado na entrada [DEMO]
20:00:42 [INFO    ] main — Evento [ocupada]: Vaga 1 ocupada [DEMO]
20:00:42 [WARNING ] motor_regras — Alerta ativado [lotado]: Estacionamento lotado — nenhuma vaga disponível
20:00:42 [INFO    ] motor_regras — Alerta resolvido [ultima_vaga] id=7313495f
20:00:45 [INFO    ] main — Evento [saida]: Carro saiu [DEMO]
20:00:45 [INFO    ] main — Evento [liberada]: Vaga 3 liberada [DEMO]
20:00:45 [INFO    ] motor_regras — Alerta resolvido [lotado] id=15cc59d4
20:00:45 [WARNING ] motor_regras — Alerta ativado [ultima_vaga]: Atenção: apenas 1 vaga disponível
20:00:47 [INFO    ] main — Evento [saida]: Carro saiu [DEMO]
20:00:48 [INFO    ] main — Evento [liberada]: Vaga 1 liberada [DEMO]
20:00:48 [INFO    ] motor_regras — Alerta resolvido [ultima_vaga] id=71375759
20:00:50 [INFO    ] main — Evento [entrada]: Carro detectado na entrada [DEMO]
20:00:50 [INFO    ] main — Evento [ocupada]: Vaga 1 ocupada [DEMO]
20:00:50 [WARNING ] motor_regras — Alerta ativado [ultima_vaga]: Atenção: apenas 1 vaga disponível
20:00:52 [INFO    ] werkzeug — 127.0.0.1 - - [16/Jun/2026 20:00:52] "GET /ws HTTP/1.1" 200 -
20:00:53 [INFO    ] main — Evento [saida]: Carro saiu [DEMO]
20:00:53 [INFO    ] main — Evento [liberada]: Vaga 2 liberada [DEMO]
20:00:53 [INFO    ] motor_regras — Alerta resolvido [ultima_vaga] id=367dcf92
20:00:55 [INFO    ] main — Evento [entrada]: Carro detectado na entrada [DEMO]
20:00:55 [INFO    ] main — Evento [ocupada]: Vaga 2 ocupada [DEMO]
20:00:55 [WARNING ] motor_regras — Alerta ativado [ultima_vaga]: Atenção: apenas 1 vaga disponível
20:00:56 [INFO    ] flask_app — WS conectado. Total: 1
20:00:58 [INFO    ] main — Evento [saida]: Carro saiu [DEMO]
20:00:58 [INFO    ] main — Evento [liberada]: Vaga 1 liberada [DEMO]
20:00:58 [INFO    ] motor_regras — Alerta resolvido [ultima_vaga] id=7b0fe714
20:01:01 [INFO    ] main — Evento [entrada]: Carro detectado na entrada [DEMO]
20:01:01 [INFO    ] main — Evento [ocupada]: Vaga 1 ocupada [DEMO]
20:01:01 [WARNING ] motor_regras — Alerta ativado [ultima_vaga]: Atenção: apenas 1 vaga disponível
20:01:03 [INFO    ] main — Evento [saida]: Carro saiu [DEMO]
20:01:03 [INFO    ] main — Evento [liberada]: Vaga 2 liberada [DEMO]
20:01:03 [INFO    ] motor_regras — Alerta resolvido [ultima_vaga] id=f45b324c
20:01:06 [INFO    ] main — Evento [saida]: Carro saiu [DEMO]
20:01:06 [INFO    ] main — Evento [liberada]: Vaga 1 liberada [DEMO]
20:01:09 [INFO    ] main — Evento [entrada]: Carro detectado na entrada [DEMO]
20:01:09 [INFO    ] main — Evento [ocupada]: Vaga 2 ocupada [DEMO]
20:01:11 [INFO    ] main — Evento [saida]: Carro saiu [DEMO]
20:01:11 [INFO    ] main — Evento [liberada]: Vaga 2 liberada [DEMO]
20:01:14 [INFO    ] main — Evento [entrada]: Carro detectado na entrada [DEMO]
20:01:14 [INFO    ] main — Evento [ocupada]: Vaga 3 ocupada [DEMO]
20:01:16 [INFO    ] main — Evento [saida]: Carro saiu [DEMO]
20:01:17 [INFO    ] main — Evento [liberada]: Vaga 4 liberada [DEMO]
20:01:19 [INFO    ] main — Evento [entrada]: Carro detectado na entrada [DEMO]
20:01:19 [INFO    ] main — Evento [ocupada]: Vaga 1 ocupada [DEMO]
20:01:22 [INFO    ] main — Evento [saida]: Carro saiu [DEMO]
20:01:22 [INFO    ] main — Evento [liberada]: Vaga 3 liberada [DEMO]
20:01:24 [INFO    ] main — Evento [entrada]: Carro detectado na entrada [DEMO]
20:01:24 [INFO    ] main — Evento [ocupada]: Vaga 2 ocupada [DEMO]
20:01:26 [INFO    ] werkzeug — 127.0.0.1 - - [16/Jun/2026 20:01:26] "GET /ws HTTP/1.1" 200 -
20:01:27 [INFO    ] main — Evento [saida]: Carro saiu [DEMO]
20:01:27 [INFO    ] main — Evento [liberada]: Vaga 1 liberada [DEMO]
20:01:30 [INFO    ] main — Evento [entrada]: Carro detectado na entrada [DEMO]
20:01:30 [INFO    ] main — Evento [ocupada]: Vaga 1 ocupada [DEMO]
20:01:30 [INFO    ] flask_app — WS conectado. Total: 1
